This file contains any messages produced by compilers while
running configure, to aid debugging if configure makes a mistake.

It was created by libmodbus configure 2.9.3, which was
generated by GNU Autoconf 2.69.  Invocation command line was

  $ ./configure --host=i686-linux-gnu CFLAGS=-m32 -fno-stack-protector -no-pie -U_FORTIFY_SOURCE -D_FORTIFY_SOURCE=0 -g -O0 LDFLAGS=-m32 -no-pie -z execstack -z norelro

## --------- ##
## Platform. ##
## --------- ##

hostname = whl
uname -m = x86_64
uname -r = 5.15.0-139-generic
uname -s = Linux
uname -v = #149~20.04.1-Ubuntu SMP Wed Apr 16 08:29:56 UTC 2025

/usr/bin/uname -p = x86_64
/bin/uname -X     = unknown

/bin/arch              = x86_64
/usr/bin/arch -k       = unknown
/usr/convex/getsysinfo = unknown
/usr/bin/hostinfo      = unknown
/bin/machine           = unknown
/usr/bin/oslevel       = unknown
/bin/universe          = unknown

PATH: /home/whl/cmake-install/bin
PATH: /home/whl/.local/bin
PATH: /usr/local/sbin
PATH: /usr/local/bin
PATH: /usr/sbin
PATH: /usr/bin
PATH: /sbin
PATH: /bin
PATH: /usr/games
PATH: /usr/local/games
PATH: /snap/bin
PATH: /home/whl/.local/bin
PATH: /home/whl/llvm-project/build/bin


## ----------- ##
## Core tests. ##
## ----------- ##

configure:2512: checking for a BSD-compatible install
configure:2580: result: /usr/bin/install -c
configure:2591: checking whether build environment is sane
configure:2646: result: yes
configure:2703: checking for i686-linux-gnu-strip
configure:2733: result: no
configure:2743: checking for strip
configure:2759: found /usr/bin/strip
configure:2770: result: strip
configure:2795: checking for a thread-safe mkdir -p
configure:2834: result: /usr/bin/mkdir -p
configure:2841: checking for gawk
configure:2857: found /usr/bin/gawk
configure:2868: result: gawk
configure:2879: checking whether make sets $(MAKE)
configure:2901: result: yes
configure:2930: checking whether make supports nested variables
configure:2947: result: yes
configure:3085: checking whether make supports nested variables
configure:3102: result: yes
configure:3134: checking build system type
configure:3148: result: x86_64-pc-linux-gnu
configure:3168: checking host system type
configure:3181: result: i686-pc-linux-gnu
configure:3227: checking for i686-linux-gnu-gcc
configure:3257: result: no
configure:3267: checking for gcc
configure:3283: found /usr/bin/gcc
configure:3294: result: gcc
configure:3523: checking for C compiler version
configure:3532: gcc --version >&5
gcc (Ubuntu 9.4.0-1ubuntu1~20.04.2) 9.4.0
Copyright (C) 2019 Free Software Foundation, Inc.
This is free software; see the source for copying conditions.  There is NO
warranty; not even for MERCHANTABILITY or FITNESS FOR A PARTICULAR PURPOSE.

configure:3543: $? = 0
configure:3532: gcc -v >&5
Using built-in specs.
COLLECT_GCC=gcc
COLLECT_LTO_WRAPPER=/usr/lib/gcc/x86_64-linux-gnu/9/lto-wrapper
OFFLOAD_TARGET_NAMES=nvptx-none:hsa
OFFLOAD_TARGET_DEFAULT=1
Target: x86_64-linux-gnu
Configured with: ../src/configure -v --with-pkgversion='Ubuntu 9.4.0-1ubuntu1~20.04.2' --with-bugurl=file:///usr/share/doc/gcc-9/README.Bugs --enable-languages=c,ada,c++,go,brig,d,fortran,objc,obj-c++,gm2 --prefix=/usr --with-gcc-major-version-only --program-suffix=-9 --program-prefix=x86_64-linux-gnu- --enable-shared --enable-linker-build-id --libexecdir=/usr/lib --without-included-gettext --enable-threads=posix --libdir=/usr/lib --enable-nls --enable-clocale=gnu --enable-libstdcxx-debug --enable-libstdcxx-time=yes --with-default-libstdcxx-abi=new --enable-gnu-unique-object --disable-vtable-verify --enable-plugin --enable-default-pie --with-system-zlib --with-target-system-zlib=auto --enable-objc-gc=auto --enable-multiarch --disable-werror --with-arch-32=i686 --with-abi=m64 --with-multilib-list=m32,m64,mx32 --enable-multilib --with-tune=generic --enable-offload-targets=nvptx-none=/build/gcc-9-9QDOt0/gcc-9-9.4.0/debian/tmp-nvptx/usr,hsa --without-cuda-driver --enable-checking=release --build=x86_64-linux-gnu --host=x86_64-linux-gnu --target=x86_64-linux-gnu
Thread model: posix
gcc version 9.4.0 (Ubuntu 9.4.0-1ubuntu1~20.04.2) 
configure:3543: $? = 0
configure:3532: gcc -V >&5
gcc: error: unrecognized command line option '-V'
gcc: fatal error: no input files
compilation terminated.
configure:3543: $? = 1
configure:3532: gcc -qversion >&5
gcc: error: unrecognized command line option '-qversion'; did you mean '--version'?
gcc: fatal error: no input files
compilation terminated.
configure:3543: $? = 1
configure:3563: checking whether the C compiler works
configure:3585: gcc -m32 -fno-stack-protector -no-pie -U_FORTIFY_SOURCE -D_FORTIFY_SOURCE=0 -g -O0  -m32 -no-pie -z execstack -z norelro conftest.c  >&5
configure:3589: $? = 0
configure:3637: result: yes
configure:3640: checking for C compiler default output file name
configure:3642: result: a.out
configure:3648: checking for suffix of executables
configure:3655: gcc -o conftest -m32 -fno-stack-protector -no-pie -U_FORTIFY_SOURCE -D_FORTIFY_SOURCE=0 -g -O0  -m32 -no-pie -z execstack -z norelro conftest.c  >&5
configure:3659: $? = 0
configure:3681: result: 
configure:3703: checking whether we are cross compiling
configure:3711: gcc -o conftest -m32 -fno-stack-protector -no-pie -U_FORTIFY_SOURCE -D_FORTIFY_SOURCE=0 -g -O0  -m32 -no-pie -z execstack -z norelro conftest.c  >&5
configure:3715: $? = 0
configure:3722: ./conftest
configure:3726: $? = 0
configure:3714: result: no
configure:3719: checking for suffix of object files
configure:3741: gcc -c -m32 -fno-stack-protector -no-pie -U_FORTIFY_SOURCE -D_FORTIFY_SOURCE=0 -g -O0  conftest.c >&5
configure:3745: $? = 0
configure:3766: result: o
configure:3770: checking whether we are using the GNU C compiler
configure:3789: gcc -c -m32 -fno-stack-protector -no-pie -U_FORTIFY_SOURCE -D_FORTIFY_SOURCE=0 -g -O0  conftest.c >&5
configure:3789: $? = 0
configure:3798: result: yes
configure:3807: checking whether gcc accepts -g
configure:3827: gcc -c -g  conftest.c >&5
configure:3827: $? = 0
configure:3868: result: yes
configure:3885: checking for gcc option to accept ISO C89
configure:3948: gcc  -c -m32 -fno-stack-protector -no-pie -U_FORTIFY_SOURCE -D_FORTIFY_SOURCE=0 -g -O0  conftest.c >&5
configure:3948: $? = 0
configure:3961: result: none needed
configure:3986: checking whether gcc understands -c and -o together
configure:4008: gcc -c conftest.c -o conftest2.o
configure:4011: $? = 0
configure:4008: gcc -c conftest.c -o conftest2.o
configure:4011: $? = 0
configure:4023: result: yes
configure:4043: checking whether make supports the include directive
configure:4058: make -f confmf.GNU && cat confinc.out
this is the am__doit target
configure:4061: $? = 0
configure:4080: result: yes (GNU style)
configure:4105: checking dependency style of gcc
configure:4216: result: gcc3
configure:4245: checking for i686-linux-gnu-g++
configure:4275: result: no
configure:4245: checking for i686-linux-gnu-c++
configure:4275: result: no
configure:4245: checking for i686-linux-gnu-gpp
configure:4275: result: no
configure:4245: checking for i686-linux-gnu-aCC
configure:4275: result: no
configure:4245: checking for i686-linux-gnu-CC
configure:4275: result: no
configure:4245: checking for i686-linux-gnu-cxx
configure:4275: result: no
configure:4245: checking for i686-linux-gnu-cc++
configure:4275: result: no
configure:4245: checking for i686-linux-gnu-cl.exe
configure:4275: result: no
configure:4245: checking for i686-linux-gnu-FCC
configure:4275: result: no
configure:4245: checking for i686-linux-gnu-KCC
configure:4275: result: no
configure:4245: checking for i686-linux-gnu-RCC
configure:4275: result: no
configure:4245: checking for i686-linux-gnu-xlC_r
configure:4275: result: no
configure:4245: checking for i686-linux-gnu-xlC
configure:4275: result: no
configure:4289: checking for g++
configure:4305: found /usr/bin/g++
configure:4316: result: g++
configure:4343: checking for C++ compiler version
configure:4352: g++ --version >&5
g++ (Ubuntu 9.4.0-1ubuntu1~20.04.2) 9.4.0
Copyright (C) 2019 Free Software Foundation, Inc.
This is free software; see the source for copying conditions.  There is NO
warranty; not even for MERCHANTABILITY or FITNESS FOR A PARTICULAR PURPOSE.

configure:4363: $? = 0
configure:4352: g++ -v >&5
Using built-in specs.
COLLECT_GCC=g++
COLLECT_LTO_WRAPPER=/usr/lib/gcc/x86_64-linux-gnu/9/lto-wrapper
OFFLOAD_TARGET_NAMES=nvptx-none:hsa
OFFLOAD_TARGET_DEFAULT=1
Target: x86_64-linux-gnu
Configured with: ../src/configure -v --with-pkgversion='Ubuntu 9.4.0-1ubuntu1~20.04.2' --with-bugurl=file:///usr/share/doc/gcc-9/README.Bugs --enable-languages=c,ada,c++,go,brig,d,fortran,objc,obj-c++,gm2 --prefix=/usr --with-gcc-major-version-only --program-suffix=-9 --program-prefix=x86_64-linux-gnu- --enable-shared --enable-linker-build-id --libexecdir=/usr/lib --without-included-gettext --enable-threads=posix --libdir=/usr/lib --enable-nls --enable-clocale=gnu --enable-libstdcxx-debug --enable-libstdcxx-time=yes --with-default-libstdcxx-abi=new --enable-gnu-unique-object --disable-vtable-verify --enable-plugin --enable-default-pie --with-system-zlib --with-target-system-zlib=auto --enable-objc-gc=auto --enable-multiarch --disable-werror --with-arch-32=i686 --with-abi=m64 --with-multilib-list=m32,m64,mx32 --enable-multilib --with-tune=generic --enable-offload-targets=nvptx-none=/build/gcc-9-9QDOt0/gcc-9-9.4.0/debian/tmp-nvptx/usr,hsa --without-cuda-driver --enable-checking=release --build=x86_64-linux-gnu --host=x86_64-linux-gnu --target=x86_64-linux-gnu
Thread model: posix
gcc version 9.4.0 (Ubuntu 9.4.0-1ubuntu1~20.04.2) 
configure:4363: $? = 0
configure:4352: g++ -V >&5
g++: error: unrecognized command line option '-V'
g++: fatal error: no input files
compilation terminated.
configure:4363: $? = 1
configure:4352: g++ -qversion >&5
g++: error: unrecognized command line option '-qversion'; did you mean '--version'?
g++: fatal error: no input files
compilation terminated.
configure:4363: $? = 1
configure:4367: checking whether we are using the GNU C++ compiler
configure:4386: g++ -c   conftest.cpp >&5
configure:4386: $? = 0
configure:4395: result: yes
configure:4404: checking whether g++ accepts -g
configure:4424: g++ -c -g  conftest.cpp >&5
configure:4424: $? = 0
configure:4465: result: yes
configure:4490: checking dependency style of g++
configure:4601: result: gcc3
configure:4996: checking how to print strings
configure:5023: result: printf
configure:5044: checking for a sed that does not truncate output
configure:5108: result: /usr/bin/sed
configure:5126: checking for grep that handles long lines and -e
configure:5184: result: /usr/bin/grep
configure:5189: checking for egrep
configure:5251: result: /usr/bin/grep -E
configure:5256: checking for fgrep
configure:5318: result: /usr/bin/grep -F
configure:5353: checking for ld used by gcc
configure:5420: result: /usr/bin/ld
configure:5427: checking if the linker (/usr/bin/ld) is GNU ld
configure:5442: result: yes
configure:5454: checking for BSD- or MS-compatible name lister (nm)
configure:5508: result: no
configure:5522: checking for i686-linux-gnu-dumpbin
configure:5552: result: no
configure:5522: checking for i686-linux-gnu-link
configure:5552: result: no
configure:5566: checking for dumpbin
configure:5596: result: no
configure:5566: checking for link
configure:5582: found /usr/bin/link
configure:5593: result: link -dump
configure:5638: checking the name lister (nm) interface
configure:5645: gcc -c -m32 -fno-stack-protector -no-pie -U_FORTIFY_SOURCE -D_FORTIFY_SOURCE=0 -g -O0  conftest.c >&5
configure:5648: nm "conftest.o"
configure:5651: output
00000000 B some_variable
configure:5652: result: BSD nm
configure:5655: checking whether ln -s works
configure:5659: result: yes
configure:5667: checking the maximum length of command line arguments
configure:5798: result: 1572864
configure:5846: checking how to convert x86_64-pc-linux-gnu file names to i686-pc-linux-gnu format
configure:5886: result: func_convert_file_noop
configure:5893: checking how to convert x86_64-pc-linux-gnu file names to toolchain format
configure:5913: result: func_convert_file_noop
configure:5920: checking for /usr/bin/ld option to reload object files
configure:5927: result: -r
configure:5961: checking for i686-linux-gnu-objdump
configure:5988: result: objdump
configure:6057: checking how to recognize dependent libraries
configure:6257: result: pass_all
configure:6302: checking for i686-linux-gnu-dlltool
configure:6329: result: dlltool
configure:6399: checking how to associate runtime and link libraries
configure:6426: result: printf %s\n
configure:6443: checking for i686-linux-gnu-ar
configure:6473: result: no
configure:6487: checking for ar
configure:6503: found /usr/bin/ar
configure:6514: result: ar
configure:6551: checking for archiver @FILE support
configure:6568: gcc -c -m32 -fno-stack-protector -no-pie -U_FORTIFY_SOURCE -D_FORTIFY_SOURCE=0 -g -O0  conftest.c >&5
configure:6568: $? = 0
configure:6571: ar cr libconftest.a @conftest.lst >&5
configure:6574: $? = 0
configure:6579: ar cr libconftest.a @conftest.lst >&5
ar: conftest.o: No such file or directory
configure:6582: $? = 1
configure:6581: result: @
configure:6599: checking for i686-linux-gnu-strip
configure:6626: result: strip
configure:6698: checking for i686-linux-gnu-ranlib
configure:6728: result: no
configure:6738: checking for ranlib
configure:6754: found /usr/bin/ranlib
configure:6765: result: ranlib
configure:6867: checking command to parse nm output from gcc object
configure:7020: gcc -c -m32 -fno-stack-protector -no-pie -U_FORTIFY_SOURCE -D_FORTIFY_SOURCE=0 -g -O0  conftest.c >&5
configure:7023: $? = 0
configure:7027: nm conftest.o | sed -n -e 's/^.*[	 ]\([ABCDGIRSTW][ABCDGIRSTW]*\)[	 ][	 ]*\([_A-Za-z][_A-Za-z0-9]*\)$/\1 \2 \2/p' | sed '/ __gnu_lto/d' > conftest.nm
configure:7093: gcc -o conftest -m32 -fno-stack-protector -no-pie -U_FORTIFY_SOURCE -D_FORTIFY_SOURCE=0 -g -O0  -m32 -no-pie -z execstack -z norelro conftest.c conftstm.o >&5
configure:7096: $? = 0
configure:7134: result: ok
configure:7181: checking for sysroot
configure:7211: result: no
configure:7218: checking for a working dd
configure:7256: result: /usr/bin/dd
configure:7260: checking how to truncate binary pipes
configure:7275: result: /usr/bin/dd bs=4096 count=1
configure:7564: checking for i686-linux-gnu-mt
configure:7594: result: no
configure:7604: checking for mt
configure:7620: found /usr/bin/mt
configure:7631: result: mt
configure:7654: checking if mt is a manifest tool
configure:7660: mt '-?'
configure:7668: result: no
configure:8345: checking how to run the C preprocessor
configure:8376: gcc -E  conftest.c
configure:8376: $? = 0
configure:8390: gcc -E  conftest.c
conftest.c:11:10: fatal error: ac_nonexistent.h: No such file or directory
   11 | #include <ac_nonexistent.h>
      |          ^~~~~~~~~~~~~~~~~~
compilation terminated.
configure:8390: $? = 1
configure: failed program was:
| /* confdefs.h */
| #define PACKAGE_NAME "libmodbus"
| #define PACKAGE_TARNAME "libmodbus"
| #define PACKAGE_VERSION "2.9.3"
| #define PACKAGE_STRING "libmodbus 2.9.3"
| #define PACKAGE_BUGREPORT "stephane.raimbault@gmail.com"
| #define PACKAGE_URL ""
| #define PACKAGE "libmodbus"
| #define VERSION "2.9.3"
| /* end confdefs.h.  */
| #include <ac_nonexistent.h>
configure:8415: result: gcc -E
configure:8435: gcc -E  conftest.c
configure:8435: $? = 0
configure:8449: gcc -E  conftest.c
conftest.c:11:10: fatal error: ac_nonexistent.h: No such file or directory
   11 | #include <ac_nonexistent.h>
      |          ^~~~~~~~~~~~~~~~~~
compilation terminated.
configure:8449: $? = 1
configure: failed program was:
| /* confdefs.h */
| #define PACKAGE_NAME "libmodbus"
| #define PACKAGE_TARNAME "libmodbus"
| #define PACKAGE_VERSION "2.9.3"
| #define PACKAGE_STRING "libmodbus 2.9.3"
| #define PACKAGE_BUGREPORT "stephane.raimbault@gmail.com"
| #define PACKAGE_URL ""
| #define PACKAGE "libmodbus"
| #define VERSION "2.9.3"
| /* end confdefs.h.  */
| #include <ac_nonexistent.h>
configure:8478: checking for ANSI C header files
configure:8498: gcc -c -m32 -fno-stack-protector -no-pie -U_FORTIFY_SOURCE -D_FORTIFY_SOURCE=0 -g -O0  conftest.c >&5
configure:8498: $? = 0
configure:8571: gcc -o conftest -m32 -fno-stack-protector -no-pie -U_FORTIFY_SOURCE -D_FORTIFY_SOURCE=0 -g -O0  -m32 -no-pie -z execstack -z norelro conftest.c  >&5
configure:8571: $? = 0
configure:8571: ./conftest
configure:8571: $? = 0
configure:8582: result: yes
configure:8595: checking for sys/types.h
configure:8595: gcc -c -m32 -fno-stack-protector -no-pie -U_FORTIFY_SOURCE -D_FORTIFY_SOURCE=0 -g -O0  conftest.c >&5
configure:8595: $? = 0
configure:8595: result: yes
configure:8595: checking for sys/stat.h
configure:8595: gcc -c -m32 -fno-stack-protector -no-pie -U_FORTIFY_SOURCE -D_FORTIFY_SOURCE=0 -g -O0  conftest.c >&5
configure:8595: $? = 0
configure:8595: result: yes
configure:8595: checking for stdlib.h
configure:8595: gcc -c -m32 -fno-stack-protector -no-pie -U_FORTIFY_SOURCE -D_FORTIFY_SOURCE=0 -g -O0  conftest.c >&5
configure:8595: $? = 0
configure:8595: result: yes
configure:8595: checking for string.h
configure:8595: gcc -c -m32 -fno-stack-protector -no-pie -U_FORTIFY_SOURCE -D_FORTIFY_SOURCE=0 -g -O0  conftest.c >&5
configure:8595: $? = 0
configure:8595: result: yes
configure:8595: checking for memory.h
configure:8595: gcc -c -m32 -fno-stack-protector -no-pie -U_FORTIFY_SOURCE -D_FORTIFY_SOURCE=0 -g -O0  conftest.c >&5
configure:8595: $? = 0
configure:8595: result: yes
configure:8595: checking for strings.h
configure:8595: gcc -c -m32 -fno-stack-protector -no-pie -U_FORTIFY_SOURCE -D_FORTIFY_SOURCE=0 -g -O0  conftest.c >&5
configure:8595: $? = 0
configure:8595: result: yes
configure:8595: checking for inttypes.h
configure:8595: gcc -c -m32 -fno-stack-protector -no-pie -U_FORTIFY_SOURCE -D_FORTIFY_SOURCE=0 -g -O0  conftest.c >&5
configure:8595: $? = 0
configure:8595: result: yes
configure:8595: checking for stdint.h
configure:8595: gcc -c -m32 -fno-stack-protector -no-pie -U_FORTIFY_SOURCE -D_FORTIFY_SOURCE=0 -g -O0  conftest.c >&5
configure:8595: $? = 0
configure:8595: result: yes
configure:8595: checking for unistd.h
configure:8595: gcc -c -m32 -fno-stack-protector -no-pie -U_FORTIFY_SOURCE -D_FORTIFY_SOURCE=0 -g -O0  conftest.c >&5
configure:8595: $? = 0
configure:8595: result: yes
configure:8609: checking for dlfcn.h
configure:8609: gcc -c -m32 -fno-stack-protector -no-pie -U_FORTIFY_SOURCE -D_FORTIFY_SOURCE=0 -g -O0  conftest.c >&5
configure:8609: $? = 0
configure:8609: result: yes
configure:8844: checking for objdir
configure:8859: result: .libs
configure:9119: checking if gcc supports -fno-rtti -fno-exceptions
configure:9137: gcc -c -m32 -fno-stack-protector -no-pie -U_FORTIFY_SOURCE -D_FORTIFY_SOURCE=0 -g -O0  -fno-rtti -fno-exceptions conftest.c >&5
cc1: warning: command line option '-fno-rtti' is valid for C++/D/ObjC++ but not for C
configure:9141: $? = 0
configure:9154: result: no
configure:9518: checking for gcc option to produce PIC
configure:9525: result: -fPIC -DPIC
configure:9533: checking if gcc PIC flag -fPIC -DPIC works
configure:9551: gcc -c -m32 -fno-stack-protector -no-pie -U_FORTIFY_SOURCE -D_FORTIFY_SOURCE=0 -g -O0  -fPIC -DPIC -DPIC conftest.c >&5
configure:9555: $? = 0
configure:9568: result: yes
configure:9597: checking if gcc static flag -static works
configure:9625: result: yes
configure:9640: checking if gcc supports -c -o file.o
configure:9661: gcc -c -m32 -fno-stack-protector -no-pie -U_FORTIFY_SOURCE -D_FORTIFY_SOURCE=0 -g -O0  -o out/conftest2.o conftest.c >&5
configure:9665: $? = 0
configure:9687: result: yes
configure:9695: checking if gcc supports -c -o file.o
configure:9742: result: yes
configure:9775: checking whether the gcc linker (/usr/bin/ld) supports shared libraries
configure:11038: result: yes
configure:11075: checking whether -lc should be explicitly linked in
configure:11083: gcc -c -m32 -fno-stack-protector -no-pie -U_FORTIFY_SOURCE -D_FORTIFY_SOURCE=0 -g -O0  conftest.c >&5
configure:11086: $? = 0
configure:11101: gcc -shared  -fPIC -DPIC conftest.o  -v -Wl,-soname -Wl,conftest -o conftest 2\>\&1 \| /usr/bin/grep  -lc  \>/dev/null 2\>\&1
configure:11104: $? = 0
configure:11118: result: no
configure:11278: checking dynamic linker characteristics
configure:11859: gcc -o conftest -m32 -fno-stack-protector -no-pie -U_FORTIFY_SOURCE -D_FORTIFY_SOURCE=0 -g -O0  -m32 -no-pie -z execstack -z norelro -Wl,-rpath -Wl,/foo conftest.c  >&5
configure:11859: $? = 0
configure:12108: result: GNU/Linux ld.so
configure:12230: checking how to hardcode library paths into programs
configure:12255: result: immediate
configure:12803: checking whether stripping libraries is possible
configure:12808: result: yes
configure:12843: checking if libtool supports shared libraries
configure:12845: result: yes
configure:12848: checking whether to build shared libraries
configure:12873: result: yes
configure:12876: checking whether to build static libraries
configure:12880: result: no
configure:9679: checking how to run the C++ preprocessor
configure:9706: g++ -E  conftest.cpp
configure:9706: $? = 0
configure:9720: g++ -E  conftest.cpp
conftest.cpp:23:10: fatal error: ac_nonexistent.h: No such file or directory
   23 | #include <ac_nonexistent.h>
      |          ^~~~~~~~~~~~~~~~~~
compilation terminated.
configure:9720: $? = 1
configure: failed program was:
| /* confdefs.h */
| #define PACKAGE_NAME "libmodbus"
| #define PACKAGE_TARNAME "libmodbus"
| #define PACKAGE_VERSION "2.9.3"
| #define PACKAGE_STRING "libmodbus 2.9.3"
| #define PACKAGE_BUGREPORT "stephane.raimbault@gmail.com"
| #define PACKAGE_URL ""
| #define PACKAGE "libmodbus"
| #define VERSION "2.9.3"
| #define STDC_HEADERS 1
| #define HAVE_SYS_TYPES_H 1
| #define HAVE_SYS_STAT_H 1
| #define HAVE_STDLIB_H 1
| #define HAVE_STRING_H 1
| #define HAVE_MEMORY_H 1
| #define HAVE_STRINGS_H 1
| #define HAVE_INTTYPES_H 1
| #define HAVE_STDINT_H 1
| #define HAVE_UNISTD_H 1
| #define HAVE_DLFCN_H 1
| #define LT_OBJDIR ".libs/"
| /* end confdefs.h.  */
| #include <ac_nonexistent.h>
configure:9745: result: g++ -E
configure:9765: g++ -E  conftest.cpp
configure:9765: $? = 0
configure:9779: g++ -E  conftest.cpp
conftest.cpp:23:10: fatal error: ac_nonexistent.h: No such file or directory
   23 | #include <ac_nonexistent.h>
      |          ^~~~~~~~~~~~~~~~~~
compilation terminated.
configure:9779: $? = 1
configure: failed program was:
| /* confdefs.h */
| #define PACKAGE_NAME "libmodbus"
| #define PACKAGE_TARNAME "libmodbus"
| #define PACKAGE_VERSION "2.9.3"
| #define PACKAGE_STRING "libmodbus 2.9.3"
| #define PACKAGE_BUGREPORT "stephane.raimbault@gmail.com"
| #define PACKAGE_URL ""
| #define PACKAGE "libmodbus"
| #define VERSION "2.9.3"
| #define STDC_HEADERS 1
| #define HAVE_SYS_TYPES_H 1
| #define HAVE_SYS_STAT_H 1
| #define HAVE_STDLIB_H 1
| #define HAVE_STRING_H 1
| #define HAVE_MEMORY_H 1
| #define HAVE_STRINGS_H 1
| #define HAVE_INTTYPES_H 1
| #define HAVE_STDINT_H 1
| #define HAVE_UNISTD_H 1
| #define HAVE_DLFCN_H 1
| #define LT_OBJDIR ".libs/"
| /* end confdefs.h.  */
| #include <ac_nonexistent.h>
configure:9941: checking for ld used by g++
configure:10008: result: /usr/bin/ld
configure:10015: checking if the linker (/usr/bin/ld) is GNU ld
configure:10030: result: yes
configure:10085: checking whether the g++ linker (/usr/bin/ld) supports shared libraries
configure:11158: result: yes
configure:11194: g++ -c -g -O2  conftest.cpp >&5
configure:11197: $? = 0
configure:11678: checking for g++ option to produce PIC
configure:11685: result: -fPIC -DPIC
configure:11693: checking if g++ PIC flag -fPIC -DPIC works
configure:11711: g++ -c -g -O2  -fPIC -DPIC -DPIC conftest.cpp >&5
configure:11715: $? = 0
configure:11728: result: yes
configure:11751: checking if g++ static flag -static works
configure:11779: result: yes
configure:11791: checking if g++ supports -c -o file.o
configure:11812: g++ -c -g -O2  -o out/conftest2.o conftest.cpp >&5
configure:11816: $? = 0
configure:11838: result: yes
configure:11843: checking if g++ supports -c -o file.o
configure:11890: result: yes
configure:11920: checking whether the g++ linker (/usr/bin/ld) supports shared libraries
configure:11963: result: yes
configure:12104: checking dynamic linker characteristics
configure:12861: result: GNU/Linux ld.so
configure:12926: checking how to hardcode library paths into programs
configure:12951: result: immediate
configure:11843: checking whether make sets $(MAKE)
configure:11865: result: yes
configure:11891: checking termios.h usability
configure:11891: gcc -c -m32 -fno-stack-protector -no-pie -U_FORTIFY_SOURCE -D_FORTIFY_SOURCE=0 -g -O0  conftest.c >&5
configure:11891: $? = 0
configure:11891: result: yes
configure:11891: checking termios.h presence
configure:11891: gcc -E  conftest.c
configure:11891: $? = 0
configure:11891: result: yes
configure:11891: checking for termios.h
configure:11891: result: yes
configure:11891: checking sys/time.h usability
configure:11891: gcc -c -m32 -fno-stack-protector -no-pie -U_FORTIFY_SOURCE -D_FORTIFY_SOURCE=0 -g -O0  conftest.c >&5
configure:11891: $? = 0
configure:11891: result: yes
configure:11891: checking sys/time.h presence
configure:11891: gcc -E  conftest.c
configure:11891: $? = 0
configure:11891: result: yes
configure:11891: checking for sys/time.h
configure:11891: result: yes
configure:11891: checking for unistd.h
configure:11891: result: yes
configure:11891: checking errno.h usability
configure:11891: gcc -c -m32 -fno-stack-protector -no-pie -U_FORTIFY_SOURCE -D_FORTIFY_SOURCE=0 -g -O0  conftest.c >&5
configure:11891: $? = 0
configure:11891: result: yes
configure:11891: checking errno.h presence
configure:11891: gcc -E  conftest.c
configure:11891: $? = 0
configure:11891: result: yes
configure:11891: checking for errno.h
configure:11891: result: yes
configure:11891: checking limits.h usability
configure:11891: gcc -c -m32 -fno-stack-protector -no-pie -U_FORTIFY_SOURCE -D_FORTIFY_SOURCE=0 -g -O0  conftest.c >&5
configure:11891: $? = 0
configure:11891: result: yes
configure:11891: checking limits.h presence
configure:11891: gcc -E  conftest.c
configure:11891: $? = 0
configure:11891: result: yes
configure:11891: checking for limits.h
configure:11891: result: yes
configure:11891: checking fcntl.h usability
configure:11891: gcc -c -m32 -fno-stack-protector -no-pie -U_FORTIFY_SOURCE -D_FORTIFY_SOURCE=0 -g -O0  conftest.c >&5
configure:11891: $? = 0
configure:11891: result: yes
configure:11891: checking fcntl.h presence
configure:11891: gcc -E  conftest.c
configure:11891: $? = 0
configure:11891: result: yes
configure:11891: checking for fcntl.h
configure:11891: result: yes
configure:11891: checking for sys/types.h
configure:11891: result: yes
configure:11891: checking sys/socket.h usability
configure:11891: gcc -c -m32 -fno-stack-protector -no-pie -U_FORTIFY_SOURCE -D_FORTIFY_SOURCE=0 -g -O0  conftest.c >&5
configure:11891: $? = 0
configure:11891: result: yes
configure:11891: checking sys/socket.h presence
configure:11891: gcc -E  conftest.c
configure:11891: $? = 0
configure:11891: result: yes
configure:11891: checking for sys/socket.h
configure:11891: result: yes
configure:11891: checking sys/ioctl.h usability
configure:11891: gcc -c -m32 -fno-stack-protector -no-pie -U_FORTIFY_SOURCE -D_FORTIFY_SOURCE=0 -g -O0  conftest.c >&5
configure:11891: $? = 0
configure:11891: result: yes
configure:11891: checking sys/ioctl.h presence
configure:11891: gcc -E  conftest.c
configure:11891: $? = 0
configure:11891: result: yes
configure:11891: checking for sys/ioctl.h
configure:11891: result: yes
configure:11891: checking netinet/in.h usability
configure:11891: gcc -c -m32 -fno-stack-protector -no-pie -U_FORTIFY_SOURCE -D_FORTIFY_SOURCE=0 -g -O0  conftest.c >&5
configure:11891: $? = 0
configure:11891: result: yes
configure:11891: checking netinet/in.h presence
configure:11891: gcc -E  conftest.c
configure:11891: $? = 0
configure:11891: result: yes
configure:11891: checking for netinet/in.h
configure:11891: result: yes
configure:11891: checking netinet/tcp.h usability
configure:11891: gcc -c -m32 -fno-stack-protector -no-pie -U_FORTIFY_SOURCE -D_FORTIFY_SOURCE=0 -g -O0  conftest.c >&5
configure:11891: $? = 0
configure:11891: result: yes
configure:11891: checking netinet/tcp.h presence
configure:11891: gcc -E  conftest.c
configure:11891: $? = 0
configure:11891: result: yes
configure:11891: checking for netinet/tcp.h
configure:11891: result: yes
configure:11891: checking arpa/inet.h usability
configure:11891: gcc -c -m32 -fno-stack-protector -no-pie -U_FORTIFY_SOURCE -D_FORTIFY_SOURCE=0 -g -O0  conftest.c >&5
configure:11891: $? = 0
configure:11891: result: yes
configure:11891: checking arpa/inet.h presence
configure:11891: gcc -E  conftest.c
configure:11891: $? = 0
configure:11891: result: yes
configure:11891: checking for arpa/inet.h
configure:11891: result: yes
configure:11903: checking for ANSI C header files
configure:12007: result: yes
configure:12017: checking for an ANSI C-conforming const
configure:12083: gcc -c -m32 -fno-stack-protector -no-pie -U_FORTIFY_SOURCE -D_FORTIFY_SOURCE=0 -g -O0  conftest.c >&5
configure:12083: $? = 0
configure:12090: result: yes
configure:12098: checking for size_t
configure:12098: gcc -c -m32 -fno-stack-protector -no-pie -U_FORTIFY_SOURCE -D_FORTIFY_SOURCE=0 -g -O0  conftest.c >&5
configure:12098: $? = 0
configure:12098: gcc -c -m32 -fno-stack-protector -no-pie -U_FORTIFY_SOURCE -D_FORTIFY_SOURCE=0 -g -O0  conftest.c >&5
conftest.c: In function 'main':
conftest.c:72:21: error: expected expression before ')' token
   72 | if (sizeof ((size_t)))
      |                     ^
configure:12098: $? = 1
configure: failed program was:
| /* confdefs.h */
| #define PACKAGE_NAME "libmodbus"
| #define PACKAGE_TARNAME "libmodbus"
| #define PACKAGE_VERSION "2.9.3"
| #define PACKAGE_STRING "libmodbus 2.9.3"
| #define PACKAGE_BUGREPORT "stephane.raimbault@gmail.com"
| #define PACKAGE_URL ""
| #define PACKAGE "libmodbus"
| #define VERSION "2.9.3"
| #define STDC_HEADERS 1
| #define HAVE_SYS_TYPES_H 1
| #define HAVE_SYS_STAT_H 1
| #define HAVE_STDLIB_H 1
| #define HAVE_STRING_H 1
| #define HAVE_MEMORY_H 1
| #define HAVE_STRINGS_H 1
| #define HAVE_INTTYPES_H 1
| #define HAVE_STDINT_H 1
| #define HAVE_UNISTD_H 1
| #define HAVE_DLFCN_H 1
| #define LT_OBJDIR ".libs/"
| #define HAVE_TERMIOS_H 1
| #define HAVE_SYS_TIME_H 1
| #define HAVE_UNISTD_H 1
| #define HAVE_ERRNO_H 1
| #define HAVE_LIMITS_H 1
| #define HAVE_FCNTL_H 1
| #define HAVE_SYS_TYPES_H 1
| #define HAVE_SYS_SOCKET_H 1
| #define HAVE_SYS_IOCTL_H 1
| #define HAVE_NETINET_IN_H 1
| #define HAVE_NETINET_TCP_H 1
| #define HAVE_ARPA_INET_H 1
| #define STDC_HEADERS 1
| /* end confdefs.h.  */
| #include <stdio.h>
| #ifdef HAVE_SYS_TYPES_H
| # include <sys/types.h>
| #endif
| #ifdef HAVE_SYS_STAT_H
| # include <sys/stat.h>
| #endif
| #ifdef STDC_HEADERS
| # include <stdlib.h>
| # include <stddef.h>
| #else
| # ifdef HAVE_STDLIB_H
| #  include <stdlib.h>
| # endif
| #endif
| #ifdef HAVE_STRING_H
| # if !defined STDC_HEADERS && defined HAVE_MEMORY_H
| #  include <memory.h>
| # endif
| # include <string.h>
| #endif
| #ifdef HAVE_STRINGS_H
| # include <strings.h>
| #endif
| #ifdef HAVE_INTTYPES_H
| # include <inttypes.h>
| #endif
| #ifdef HAVE_STDINT_H
| # include <stdint.h>
| #endif
| #ifdef HAVE_UNISTD_H
| # include <unistd.h>
| #endif
| int
| main ()
| {
| if (sizeof ((size_t)))
| 	    return 0;
|   ;
|   return 0;
| }
configure:12098: result: yes
configure:12109: checking whether time.h and sys/time.h may both be included
configure:12129: gcc -c -m32 -fno-stack-protector -no-pie -U_FORTIFY_SOURCE -D_FORTIFY_SOURCE=0 -g -O0  conftest.c >&5
configure:12129: $? = 0
configure:12136: result: yes
configure:12151: checking whether __CYGWIN__ is declared
configure:12151: gcc -c -m32 -fno-stack-protector -no-pie -U_FORTIFY_SOURCE -D_FORTIFY_SOURCE=0 -g -O0  conftest.c >&5
conftest.c: In function 'main':
conftest.c:77:10: error: '__CYGWIN__' undeclared (first use in this function)
   77 |   (void) __CYGWIN__;
      |          ^~~~~~~~~~
conftest.c:77:10: note: each undeclared identifier is reported only once for each function it appears in
configure:12151: $? = 1
configure: failed program was:
| /* confdefs.h */
| #define PACKAGE_NAME "libmodbus"
| #define PACKAGE_TARNAME "libmodbus"
| #define PACKAGE_VERSION "2.9.3"
| #define PACKAGE_STRING "libmodbus 2.9.3"
| #define PACKAGE_BUGREPORT "stephane.raimbault@gmail.com"
| #define PACKAGE_URL ""
| #define PACKAGE "libmodbus"
| #define VERSION "2.9.3"
| #define STDC_HEADERS 1
| #define HAVE_SYS_TYPES_H 1
| #define HAVE_SYS_STAT_H 1
| #define HAVE_STDLIB_H 1
| #define HAVE_STRING_H 1
| #define HAVE_MEMORY_H 1
| #define HAVE_STRINGS_H 1
| #define HAVE_INTTYPES_H 1
| #define HAVE_STDINT_H 1
| #define HAVE_UNISTD_H 1
| #define HAVE_DLFCN_H 1
| #define LT_OBJDIR ".libs/"
| #define HAVE_TERMIOS_H 1
| #define HAVE_SYS_TIME_H 1
| #define HAVE_UNISTD_H 1
| #define HAVE_ERRNO_H 1
| #define HAVE_LIMITS_H 1
| #define HAVE_FCNTL_H 1
| #define HAVE_SYS_TYPES_H 1
| #define HAVE_SYS_SOCKET_H 1
| #define HAVE_SYS_IOCTL_H 1
| #define HAVE_NETINET_IN_H 1
| #define HAVE_NETINET_TCP_H 1
| #define HAVE_ARPA_INET_H 1
| #define STDC_HEADERS 1
| #define TIME_WITH_SYS_TIME 1
| /* end confdefs.h.  */
| #include <stdio.h>
| #ifdef HAVE_SYS_TYPES_H
| # include <sys/types.h>
| #endif
| #ifdef HAVE_SYS_STAT_H
| # include <sys/stat.h>
| #endif
| #ifdef STDC_HEADERS
| # include <stdlib.h>
| # include <stddef.h>
| #else
| # ifdef HAVE_STDLIB_H
| #  include <stdlib.h>
| # endif
| #endif
| #ifdef HAVE_STRING_H
| # if !defined STDC_HEADERS && defined HAVE_MEMORY_H
| #  include <memory.h>
| # endif
| # include <string.h>
| #endif
| #ifdef HAVE_STRINGS_H
| # include <strings.h>
| #endif
| #ifdef HAVE_INTTYPES_H
| # include <inttypes.h>
| #endif
| #ifdef HAVE_STDINT_H
| # include <stdint.h>
| #endif
| #ifdef HAVE_UNISTD_H
| # include <unistd.h>
| #endif
| int
| main ()
| {
| #ifndef __CYGWIN__
| #ifdef __cplusplus
|   (void) __CYGWIN__;
| #else
|   (void) __CYGWIN__;
| #endif
| #endif
| 
|   ;
|   return 0;
| }
configure:12151: result: no
configure:12164: checking for pid_t
configure:12164: gcc -c -m32 -fno-stack-protector -no-pie -U_FORTIFY_SOURCE -D_FORTIFY_SOURCE=0 -g -O0  conftest.c >&5
configure:12164: $? = 0
configure:12164: gcc -c -m32 -fno-stack-protector -no-pie -U_FORTIFY_SOURCE -D_FORTIFY_SOURCE=0 -g -O0  conftest.c >&5
conftest.c: In function 'main':
conftest.c:74:20: error: expected expression before ')' token
   74 | if (sizeof ((pid_t)))
      |                    ^
configure:12164: $? = 1
configure: failed program was:
| /* confdefs.h */
| #define PACKAGE_NAME "libmodbus"
| #define PACKAGE_TARNAME "libmodbus"
| #define PACKAGE_VERSION "2.9.3"
| #define PACKAGE_STRING "libmodbus 2.9.3"
| #define PACKAGE_BUGREPORT "stephane.raimbault@gmail.com"
| #define PACKAGE_URL ""
| #define PACKAGE "libmodbus"
| #define VERSION "2.9.3"
| #define STDC_HEADERS 1
| #define HAVE_SYS_TYPES_H 1
| #define HAVE_SYS_STAT_H 1
| #define HAVE_STDLIB_H 1
| #define HAVE_STRING_H 1
| #define HAVE_MEMORY_H 1
| #define HAVE_STRINGS_H 1
| #define HAVE_INTTYPES_H 1
| #define HAVE_STDINT_H 1
| #define HAVE_UNISTD_H 1
| #define HAVE_DLFCN_H 1
| #define LT_OBJDIR ".libs/"
| #define HAVE_TERMIOS_H 1
| #define HAVE_SYS_TIME_H 1
| #define HAVE_UNISTD_H 1
| #define HAVE_ERRNO_H 1
| #define HAVE_LIMITS_H 1
| #define HAVE_FCNTL_H 1
| #define HAVE_SYS_TYPES_H 1
| #define HAVE_SYS_SOCKET_H 1
| #define HAVE_SYS_IOCTL_H 1
| #define HAVE_NETINET_IN_H 1
| #define HAVE_NETINET_TCP_H 1
| #define HAVE_ARPA_INET_H 1
| #define STDC_HEADERS 1
| #define TIME_WITH_SYS_TIME 1
| #define HAVE_DECL___CYGWIN__ 0
| /* end confdefs.h.  */
| #include <stdio.h>
| #ifdef HAVE_SYS_TYPES_H
| # include <sys/types.h>
| #endif
| #ifdef HAVE_SYS_STAT_H
| # include <sys/stat.h>
| #endif
| #ifdef STDC_HEADERS
| # include <stdlib.h>
| # include <stddef.h>
| #else
| # ifdef HAVE_STDLIB_H
| #  include <stdlib.h>
| # endif
| #endif
| #ifdef HAVE_STRING_H
| # if !defined STDC_HEADERS && defined HAVE_MEMORY_H
| #  include <memory.h>
| # endif
| # include <string.h>
| #endif
| #ifdef HAVE_STRINGS_H
| # include <strings.h>
| #endif
| #ifdef HAVE_INTTYPES_H
| # include <inttypes.h>
| #endif
| #ifdef HAVE_STDINT_H
| # include <stdint.h>
| #endif
| #ifdef HAVE_UNISTD_H
| # include <unistd.h>
| #endif
| int
| main ()
| {
| if (sizeof ((pid_t)))
| 	    return 0;
|   ;
|   return 0;
| }
configure:12164: result: yes
configure:12177: checking vfork.h usability
configure:12177: gcc -c -m32 -fno-stack-protector -no-pie -U_FORTIFY_SOURCE -D_FORTIFY_SOURCE=0 -g -O0  conftest.c >&5
conftest.c:71:10: fatal error: vfork.h: No such file or directory
   71 | #include <vfork.h>
      |          ^~~~~~~~~
compilation terminated.
configure:12177: $? = 1
configure: failed program was:
| /* confdefs.h */
| #define PACKAGE_NAME "libmodbus"
| #define PACKAGE_TARNAME "libmodbus"
| #define PACKAGE_VERSION "2.9.3"
| #define PACKAGE_STRING "libmodbus 2.9.3"
| #define PACKAGE_BUGREPORT "stephane.raimbault@gmail.com"
| #define PACKAGE_URL ""
| #define PACKAGE "libmodbus"
| #define VERSION "2.9.3"
| #define STDC_HEADERS 1
| #define HAVE_SYS_TYPES_H 1
| #define HAVE_SYS_STAT_H 1
| #define HAVE_STDLIB_H 1
| #define HAVE_STRING_H 1
| #define HAVE_MEMORY_H 1
| #define HAVE_STRINGS_H 1
| #define HAVE_INTTYPES_H 1
| #define HAVE_STDINT_H 1
| #define HAVE_UNISTD_H 1
| #define HAVE_DLFCN_H 1
| #define LT_OBJDIR ".libs/"
| #define HAVE_TERMIOS_H 1
| #define HAVE_SYS_TIME_H 1
| #define HAVE_UNISTD_H 1
| #define HAVE_ERRNO_H 1
| #define HAVE_LIMITS_H 1
| #define HAVE_FCNTL_H 1
| #define HAVE_SYS_TYPES_H 1
| #define HAVE_SYS_SOCKET_H 1
| #define HAVE_SYS_IOCTL_H 1
| #define HAVE_NETINET_IN_H 1
| #define HAVE_NETINET_TCP_H 1
| #define HAVE_ARPA_INET_H 1
| #define STDC_HEADERS 1
| #define TIME_WITH_SYS_TIME 1
| #define HAVE_DECL___CYGWIN__ 0
| /* end confdefs.h.  */
| #include <stdio.h>
| #ifdef HAVE_SYS_TYPES_H
| # include <sys/types.h>
| #endif
| #ifdef HAVE_SYS_STAT_H
| # include <sys/stat.h>
| #endif
| #ifdef STDC_HEADERS
| # include <stdlib.h>
| # include <stddef.h>
| #else
| # ifdef HAVE_STDLIB_H
| #  include <stdlib.h>
| # endif
| #endif
| #ifdef HAVE_STRING_H
| # if !defined STDC_HEADERS && defined HAVE_MEMORY_H
| #  include <memory.h>
| # endif
| # include <string.h>
| #endif
| #ifdef HAVE_STRINGS_H
| # include <strings.h>
| #endif
| #ifdef HAVE_INTTYPES_H
| # include <inttypes.h>
| #endif
| #ifdef HAVE_STDINT_H
| # include <stdint.h>
| #endif
| #ifdef HAVE_UNISTD_H
| # include <unistd.h>
| #endif
| #include <vfork.h>
configure:12177: result: no
configure:12177: checking vfork.h presence
configure:12177: gcc -E  conftest.c
conftest.c:38:10: fatal error: vfork.h: No such file or directory
   38 | #include <vfork.h>
      |          ^~~~~~~~~
compilation terminated.
configure:12177: $? = 1
configure: failed program was:
| /* confdefs.h */
| #define PACKAGE_NAME "libmodbus"
| #define PACKAGE_TARNAME "libmodbus"
| #define PACKAGE_VERSION "2.9.3"
| #define PACKAGE_STRING "libmodbus 2.9.3"
| #define PACKAGE_BUGREPORT "stephane.raimbault@gmail.com"
| #define PACKAGE_URL ""
| #define PACKAGE "libmodbus"
| #define VERSION "2.9.3"
| #define STDC_HEADERS 1
| #define HAVE_SYS_TYPES_H 1
| #define HAVE_SYS_STAT_H 1
| #define HAVE_STDLIB_H 1
| #define HAVE_STRING_H 1
| #define HAVE_MEMORY_H 1
| #define HAVE_STRINGS_H 1
| #define HAVE_INTTYPES_H 1
| #define HAVE_STDINT_H 1
| #define HAVE_UNISTD_H 1
| #define HAVE_DLFCN_H 1
| #define LT_OBJDIR ".libs/"
| #define HAVE_TERMIOS_H 1
| #define HAVE_SYS_TIME_H 1
| #define HAVE_UNISTD_H 1
| #define HAVE_ERRNO_H 1
| #define HAVE_LIMITS_H 1
| #define HAVE_FCNTL_H 1
| #define HAVE_SYS_TYPES_H 1
| #define HAVE_SYS_SOCKET_H 1
| #define HAVE_SYS_IOCTL_H 1
| #define HAVE_NETINET_IN_H 1
| #define HAVE_NETINET_TCP_H 1
| #define HAVE_ARPA_INET_H 1
| #define STDC_HEADERS 1
| #define TIME_WITH_SYS_TIME 1
| #define HAVE_DECL___CYGWIN__ 0
| /* end confdefs.h.  */
| #include <vfork.h>
configure:12177: result: no
configure:12177: checking for vfork.h
configure:12177: result: no
configure:12190: checking for fork
configure:12190: gcc -o conftest -m32 -fno-stack-protector -no-pie -U_FORTIFY_SOURCE -D_FORTIFY_SOURCE=0 -g -O0  -m32 -no-pie -z execstack -z norelro conftest.c  >&5
conftest.c:61:6: warning: conflicting types for built-in function 'fork'; expected 'int(void)' [-Wbuiltin-declaration-mismatch]
   61 | char fork ();
      |      ^~~~
configure:12190: $? = 0
configure:12190: result: yes
configure:12190: checking for vfork
configure:12190: gcc -o conftest -m32 -fno-stack-protector -no-pie -U_FORTIFY_SOURCE -D_FORTIFY_SOURCE=0 -g -O0  -m32 -no-pie -z execstack -z norelro conftest.c  >&5
configure:12190: $? = 0
configure:12190: result: yes
configure:12200: checking for working fork
configure:12222: gcc -o conftest -m32 -fno-stack-protector -no-pie -U_FORTIFY_SOURCE -D_FORTIFY_SOURCE=0 -g -O0  -m32 -no-pie -z execstack -z norelro conftest.c  >&5
configure:12222: $? = 0
configure:12222: ./conftest
configure:12222: $? = 0
configure:12232: result: yes
configure:12253: checking for working vfork
configure:12363: result: yes
configure:12391: checking for gettimeofday
configure:12391: gcc -o conftest -m32 -fno-stack-protector -no-pie -U_FORTIFY_SOURCE -D_FORTIFY_SOURCE=0 -g -O0  -m32 -no-pie -z execstack -z norelro conftest.c  >&5
configure:12391: $? = 0
configure:12391: result: yes
configure:12391: checking for inet_ntoa
configure:12391: gcc -o conftest -m32 -fno-stack-protector -no-pie -U_FORTIFY_SOURCE -D_FORTIFY_SOURCE=0 -g -O0  -m32 -no-pie -z execstack -z norelro conftest.c  >&5
configure:12391: $? = 0
configure:12391: result: yes
configure:12391: checking for memset
configure:12391: gcc -o conftest -m32 -fno-stack-protector -no-pie -U_FORTIFY_SOURCE -D_FORTIFY_SOURCE=0 -g -O0  -m32 -no-pie -z execstack -z norelro conftest.c  >&5
conftest.c:67:6: warning: conflicting types for built-in function 'memset'; expected 'void *(void *, int,  unsigned int)' [-Wbuiltin-declaration-mismatch]
   67 | char memset ();
      |      ^~~~~~
conftest.c:55:1: note: 'memset' is declared in header '<string.h>'
   54 | # include <limits.h>
   55 | #else
configure:12391: $? = 0
configure:12391: result: yes
configure:12391: checking for select
configure:12391: gcc -o conftest -m32 -fno-stack-protector -no-pie -U_FORTIFY_SOURCE -D_FORTIFY_SOURCE=0 -g -O0  -m32 -no-pie -z execstack -z norelro conftest.c  >&5
configure:12391: $? = 0
configure:12391: result: yes
configure:12391: checking for socket
configure:12391: gcc -o conftest -m32 -fno-stack-protector -no-pie -U_FORTIFY_SOURCE -D_FORTIFY_SOURCE=0 -g -O0  -m32 -no-pie -z execstack -z norelro conftest.c  >&5
configure:12391: $? = 0
configure:12391: result: yes
configure:12391: checking for strerror
configure:12391: gcc -o conftest -m32 -fno-stack-protector -no-pie -U_FORTIFY_SOURCE -D_FORTIFY_SOURCE=0 -g -O0  -m32 -no-pie -z execstack -z norelro conftest.c  >&5
configure:12391: $? = 0
configure:12391: result: yes
configure:12391: checking for strlcpy
configure:12391: gcc -o conftest -m32 -fno-stack-protector -no-pie -U_FORTIFY_SOURCE -D_FORTIFY_SOURCE=0 -g -O0  -m32 -no-pie -z execstack -z norelro conftest.c  >&5
/usr/bin/ld: /tmp/cc0NXMTg.o: in function `main':
/home/whl/32/libmodbus-2.9.3/conftest.c:82: undefined reference to `strlcpy'
collect2: error: ld returned 1 exit status
configure:12391: $? = 1
configure: failed program was:
| /* confdefs.h */
| #define PACKAGE_NAME "libmodbus"
| #define PACKAGE_TARNAME "libmodbus"
| #define PACKAGE_VERSION "2.9.3"
| #define PACKAGE_STRING "libmodbus 2.9.3"
| #define PACKAGE_BUGREPORT "stephane.raimbault@gmail.com"
| #define PACKAGE_URL ""
| #define PACKAGE "libmodbus"
| #define VERSION "2.9.3"
| #define STDC_HEADERS 1
| #define HAVE_SYS_TYPES_H 1
| #define HAVE_SYS_STAT_H 1
| #define HAVE_STDLIB_H 1
| #define HAVE_STRING_H 1
| #define HAVE_MEMORY_H 1
| #define HAVE_STRINGS_H 1
| #define HAVE_INTTYPES_H 1
| #define HAVE_STDINT_H 1
| #define HAVE_UNISTD_H 1
| #define HAVE_DLFCN_H 1
| #define LT_OBJDIR ".libs/"
| #define HAVE_TERMIOS_H 1
| #define HAVE_SYS_TIME_H 1
| #define HAVE_UNISTD_H 1
| #define HAVE_ERRNO_H 1
| #define HAVE_LIMITS_H 1
| #define HAVE_FCNTL_H 1
| #define HAVE_SYS_TYPES_H 1
| #define HAVE_SYS_SOCKET_H 1
| #define HAVE_SYS_IOCTL_H 1
| #define HAVE_NETINET_IN_H 1
| #define HAVE_NETINET_TCP_H 1
| #define HAVE_ARPA_INET_H 1
| #define STDC_HEADERS 1
| #define TIME_WITH_SYS_TIME 1
| #define HAVE_DECL___CYGWIN__ 0
| #define HAVE_FORK 1
| #define HAVE_VFORK 1
| #define HAVE_WORKING_VFORK 1
| #define HAVE_WORKING_FORK 1
| #define HAVE_GETTIMEOFDAY 1
| #define HAVE_INET_NTOA 1
| #define HAVE_MEMSET 1
| #define HAVE_SELECT 1
| #define HAVE_SOCKET 1
| #define HAVE_STRERROR 1
| /* end confdefs.h.  */
| /* Define strlcpy to an innocuous variant, in case <limits.h> declares strlcpy.
|    For example, HP-UX 11i <limits.h> declares gettimeofday.  */
| #define strlcpy innocuous_strlcpy
| 
| /* System header to define __stub macros and hopefully few prototypes,
|     which can conflict with char strlcpy (); below.
|     Prefer <limits.h> to <assert.h> if __STDC__ is defined, since
|     <limits.h> exists even on freestanding compilers.  */
| 
| #ifdef __STDC__
| # include <limits.h>
| #else
| # include <assert.h>
| #endif
| 
| #undef strlcpy
| 
| /* Override any GCC internal prototype to avoid an error.
|    Use char because int might match the return type of a GCC
|    builtin and then its argument prototype would still apply.  */
| #ifdef __cplusplus
| extern "C"
| #endif
| char strlcpy ();
| /* The GNU C library defines this for functions which it implements
|     to always fail with ENOSYS.  Some functions are actually named
|     something starting with __ and the normal name is an alias.  */
| #if defined __stub_strlcpy || defined __stub___strlcpy
| choke me
| #endif
| 
| int
| main ()
| {
| return strlcpy ();
|   ;
|   return 0;
| }
configure:12391: result: no
configure:12519: checking that generated files are newer than configure
configure:12525: result: done
configure:12556: creating ./config.status

## ---------------------- ##
## Running config.status. ##
## ---------------------- ##

This file was extended by libmodbus config.status 2.9.3, which was
generated by GNU Autoconf 2.69.  Invocation command line was

  CONFIG_FILES    = 
  CONFIG_HEADERS  = 
  CONFIG_LINKS    = 
  CONFIG_COMMANDS = 
  $ ./config.status 

on whl

config.status:1181: creating Makefile
config.status:1181: creating src/Makefile
config.status:1181: creating src/modbus-version.h
config.status:1181: creating tests/Makefile
config.status:1181: creating libmodbus.pc
config.status:1181: creating config.h
config.status:1410: executing depfiles commands
config.status:1487: cd src       && sed -e '/# am--include-marker/d' Makefile         | make -f - am--depfiles
config.status:1492: $? = 0
config.status:1487: cd tests       && sed -e '/# am--include-marker/d' Makefile         | make -f - am--depfiles
config.status:1492: $? = 0
config.status:1410: executing libtool commands

## ---------------- ##
## Cache variables. ##
## ---------------- ##

ac_cv_build=x86_64-pc-linux-gnu
ac_cv_c_compiler_gnu=yes
ac_cv_c_const=yes
ac_cv_cxx_compiler_gnu=yes
ac_cv_env_CCC_set=
ac_cv_env_CCC_value=
ac_cv_env_CC_set=
ac_cv_env_CC_value=
ac_cv_env_CFLAGS_set=set
ac_cv_env_CFLAGS_value='-m32 -fno-stack-protector -no-pie -U_FORTIFY_SOURCE -D_FORTIFY_SOURCE=0 -g -O0'
ac_cv_env_CPPFLAGS_set=
ac_cv_env_CPPFLAGS_value=
ac_cv_env_CPP_set=
ac_cv_env_CPP_value=
ac_cv_env_CXXCPP_set=
ac_cv_env_CXXCPP_value=
ac_cv_env_CXXFLAGS_set=
ac_cv_env_CXXFLAGS_value=
ac_cv_env_CXX_set=
ac_cv_env_CXX_value=
ac_cv_env_LDFLAGS_set=set
ac_cv_env_LDFLAGS_value='-m32 -no-pie -z execstack -z norelro'
ac_cv_env_LIBS_set=
ac_cv_env_LIBS_value=
ac_cv_env_LT_SYS_LIBRARY_PATH_set=
ac_cv_env_LT_SYS_LIBRARY_PATH_value=
ac_cv_env_build_alias_set=
ac_cv_env_build_alias_value=
ac_cv_env_host_alias_set=set
ac_cv_env_host_alias_value=i686-linux-gnu
ac_cv_env_target_alias_set=
ac_cv_env_target_alias_value=
ac_cv_func_fork=yes
ac_cv_func_fork_works=yes
ac_cv_func_gettimeofday=yes
ac_cv_func_inet_ntoa=yes
ac_cv_func_memset=yes
ac_cv_func_select=yes
ac_cv_func_socket=yes
ac_cv_func_strerror=yes
ac_cv_func_strlcpy=no
ac_cv_func_vfork=yes
ac_cv_func_vfork_works=yes
ac_cv_have_decl___CYGWIN__=no
ac_cv_header_arpa_inet_h=yes
ac_cv_header_dlfcn_h=yes
ac_cv_header_errno_h=yes
ac_cv_header_fcntl_h=yes
ac_cv_header_inttypes_h=yes
ac_cv_header_limits_h=yes
ac_cv_header_memory_h=yes
ac_cv_header_netinet_in_h=yes
ac_cv_header_netinet_tcp_h=yes
ac_cv_header_stdc=yes
ac_cv_header_stdint_h=yes
ac_cv_header_stdlib_h=yes
ac_cv_header_string_h=yes
ac_cv_header_strings_h=yes
ac_cv_header_sys_ioctl_h=yes
ac_cv_header_sys_socket_h=yes
ac_cv_header_sys_stat_h=yes
ac_cv_header_sys_time_h=yes
ac_cv_header_sys_types_h=yes
ac_cv_header_termios_h=yes
ac_cv_header_time=yes
ac_cv_header_unistd_h=yes
ac_cv_header_vfork_h=no
ac_cv_host=i686-pc-linux-gnu
ac_cv_objext=o
ac_cv_path_EGREP='/usr/bin/grep -E'
ac_cv_path_FGREP='/usr/bin/grep -F'
ac_cv_path_GREP=/usr/bin/grep
ac_cv_path_SED=/usr/bin/sed
ac_cv_path_install='/usr/bin/install -c'
ac_cv_path_lt_DD=/usr/bin/dd
ac_cv_path_mkdir=/usr/bin/mkdir
ac_cv_prog_AWK=gawk
ac_cv_prog_CPP='gcc -E'
ac_cv_prog_CXXCPP='g++ -E'
ac_cv_prog_DLLTOOL=dlltool
ac_cv_prog_OBJDUMP=objdump
ac_cv_prog_STRIP=strip
ac_cv_prog_ac_ct_AR=ar
ac_cv_prog_ac_ct_CC=gcc
ac_cv_prog_ac_ct_CXX=g++
ac_cv_prog_ac_ct_DUMPBIN='link -dump'
ac_cv_prog_ac_ct_MANIFEST_TOOL=mt
ac_cv_prog_ac_ct_RANLIB=ranlib
ac_cv_prog_ac_ct_STRIP=strip
ac_cv_prog_cc_c89=
ac_cv_prog_cc_g=yes
ac_cv_prog_cxx_g=yes
ac_cv_prog_make_make_set=yes
ac_cv_type_pid_t=yes
ac_cv_type_size_t=yes
am_cv_CC_dependencies_compiler_type=gcc3
am_cv_CXX_dependencies_compiler_type=gcc3
am_cv_make_support_nested_variables=yes
am_cv_prog_cc_c_o=yes
lt_cv_ar_at_file=@
lt_cv_archive_cmds_need_lc=no
lt_cv_deplibs_check_method=pass_all
lt_cv_file_magic_cmd='$MAGIC_CMD'
lt_cv_file_magic_test_file=
lt_cv_ld_reload_flag=-r
lt_cv_nm_interface='BSD nm'
lt_cv_objdir=.libs
lt_cv_path_LD=/usr/bin/ld
lt_cv_path_LDCXX=/usr/bin/ld
lt_cv_path_NM=no
lt_cv_path_mainfest_tool=no
lt_cv_prog_compiler_c_o=yes
lt_cv_prog_compiler_c_o_CXX=yes
lt_cv_prog_compiler_pic='-fPIC -DPIC'
lt_cv_prog_compiler_pic_CXX='-fPIC -DPIC'
lt_cv_prog_compiler_pic_works=yes
lt_cv_prog_compiler_pic_works_CXX=yes
lt_cv_prog_compiler_rtti_exceptions=no
lt_cv_prog_compiler_static_works=yes
lt_cv_prog_compiler_static_works_CXX=yes
lt_cv_prog_gnu_ld=yes
lt_cv_prog_gnu_ldcxx=yes
lt_cv_sharedlib_from_linklib_cmd='printf %s\n'
lt_cv_shlibpath_overrides_runpath=yes
lt_cv_sys_global_symbol_pipe='sed -n -e '\''s/^.*[	 ]\([ABCDGIRSTW][ABCDGIRSTW]*\)[	 ][	 ]*\([_A-Za-z][_A-Za-z0-9]*\)$/\1 \2 \2/p'\'' | sed '\''/ __gnu_lto/d'\'''
lt_cv_sys_global_symbol_to_c_name_address='sed -n -e '\''s/^: \(.*\) .*$/  {"\1", (void *) 0},/p'\'' -e '\''s/^[ABCDGIRSTW][ABCDGIRSTW]* .* \(.*\)$/  {"\1", (void *) \&\1},/p'\'''
lt_cv_sys_global_symbol_to_c_name_address_lib_prefix='sed -n -e '\''s/^: \(.*\) .*$/  {"\1", (void *) 0},/p'\'' -e '\''s/^[ABCDGIRSTW][ABCDGIRSTW]* .* \(lib.*\)$/  {"\1", (void *) \&\1},/p'\'' -e '\''s/^[ABCDGIRSTW][ABCDGIRSTW]* .* \(.*\)$/  {"lib\1", (void *) \&\1},/p'\'''
lt_cv_sys_global_symbol_to_cdecl='sed -n -e '\''s/^T .* \(.*\)$/extern int \1();/p'\'' -e '\''s/^[ABCDGIRSTW][ABCDGIRSTW]* .* \(.*\)$/extern char \1;/p'\'''
lt_cv_sys_global_symbol_to_import=
lt_cv_sys_max_cmd_len=1572864
lt_cv_to_host_file_cmd=func_convert_file_noop
lt_cv_to_tool_file_cmd=func_convert_file_noop
lt_cv_truncate_bin='/usr/bin/dd bs=4096 count=1'

## ----------------- ##
## Output variables. ##
## ----------------- ##

ACLOCAL='${SHELL} /home/whl/32/libmodbus-2.9.3/missing aclocal-1.16'
AMDEPBACKSLASH='\'
AMDEP_FALSE='#'
AMDEP_TRUE=''
AMTAR='$${TAR-tar}'
AM_BACKSLASH='\'
AM_DEFAULT_V='$(AM_DEFAULT_VERBOSITY)'
AM_DEFAULT_VERBOSITY='0'
AM_V='$(V)'
AR='ar'
AS='as'
AUTOCONF='${SHELL} /home/whl/32/libmodbus-2.9.3/missing autoconf'
AUTOHEADER='${SHELL} /home/whl/32/libmodbus-2.9.3/missing autoheader'
AUTOMAKE='${SHELL} /home/whl/32/libmodbus-2.9.3/missing automake-1.16'
AWK='gawk'
CC='gcc'
CCDEPMODE='depmode=gcc3'
CFLAGS='-m32 -fno-stack-protector -no-pie -U_FORTIFY_SOURCE -D_FORTIFY_SOURCE=0 -g -O0 -Wall -Werror'
CPP='gcc -E'
CPPFLAGS=''
CXX='g++'
CXXCPP='g++ -E'
CXXDEPMODE='depmode=gcc3'
CXXFLAGS='-g -O2'
CYGPATH_W='echo'
DEFS='-DHAVE_CONFIG_H'
DEPDIR='.deps'
DLLTOOL='dlltool'
DSYMUTIL=''
DUMPBIN=':'
ECHO_C=''
ECHO_N='-n'
ECHO_T=''
EGREP='/usr/bin/grep -E'
EXEEXT=''
FGREP='/usr/bin/grep -F'
GREP='/usr/bin/grep'
INSTALL_DATA='${INSTALL} -m 644'
INSTALL_PROGRAM='${INSTALL}'
INSTALL_SCRIPT='${INSTALL}'
INSTALL_STRIP_PROGRAM='$(install_sh) -c -s'
LD='/usr/bin/ld'
LDFLAGS='-m32 -no-pie -z execstack -z norelro'
LIBMODBUS_LT_VERSION_INFO='4:0:0'
LIBMODBUS_VERSION='2.9.3'
LIBMODBUS_VERSION_MAJOR='2'
LIBMODBUS_VERSION_MICRO='3'
LIBMODBUS_VERSION_MINOR='9'
LIBOBJS=''
LIBS=''
LIBTOOL='$(SHELL) $(top_builddir)/libtool'
LIPO=''
LN_S='ln -s'
LTLIBOBJS=''
LT_SYS_LIBRARY_PATH=''
MAKEINFO='${SHELL} /home/whl/32/libmodbus-2.9.3/missing makeinfo'
MANIFEST_TOOL=':'
MKDIR_P='/usr/bin/mkdir -p'
NM='nm'
NMEDIT=''
OBJDUMP='objdump'
OBJEXT='o'
OS_WIN32_FALSE=''
OS_WIN32_TRUE='#'
OTOOL64=''
OTOOL=''
PACKAGE='libmodbus'
PACKAGE_BUGREPORT='stephane.raimbault@gmail.com'
PACKAGE_NAME='libmodbus'
PACKAGE_STRING='libmodbus 2.9.3'
PACKAGE_TARNAME='libmodbus'
PACKAGE_URL=''
PACKAGE_VERSION='2.9.3'
PATH_SEPARATOR=':'
RANLIB='ranlib'
SED='/usr/bin/sed'
SET_MAKE=''
SHELL='/bin/bash'
STRIP='strip'
VERSION='2.9.3'
ac_ct_AR='ar'
ac_ct_CC='gcc'
ac_ct_CXX='g++'
ac_ct_DUMPBIN='link -dump'
am__EXEEXT_FALSE=''
am__EXEEXT_TRUE='#'
am__fastdepCC_FALSE='#'
am__fastdepCC_TRUE=''
am__fastdepCXX_FALSE='#'
am__fastdepCXX_TRUE=''
am__include='include'
am__isrc=''
am__leading_dot='.'
am__nodep='_no'
am__quote=''
am__tar='$${TAR-tar} chof - "$$tardir"'
am__untar='$${TAR-tar} xf -'
bindir='${exec_prefix}/bin'
build='x86_64-pc-linux-gnu'
build_alias=''
build_cpu='x86_64'
build_os='linux-gnu'
build_vendor='pc'
datadir='${datarootdir}'
datarootdir='${prefix}/share'
docdir='${datarootdir}/doc/${PACKAGE_TARNAME}'
dvidir='${docdir}'
exec_prefix='${prefix}'
host='i686-pc-linux-gnu'
host_alias='i686-linux-gnu'
host_cpu='i686'
host_os='linux-gnu'
host_vendor='pc'
htmldir='${docdir}'
includedir='${prefix}/include'
infodir='${datarootdir}/info'
install_sh='${SHELL} /home/whl/32/libmodbus-2.9.3/install-sh'
libdir='${exec_prefix}/lib'
libexecdir='${exec_prefix}/libexec'
localedir='${datarootdir}/locale'
localstatedir='${prefix}/var'
mandir='${datarootdir}/man'
mkdir_p='$(MKDIR_P)'
oldincludedir='/usr/include'
pdfdir='${docdir}'
prefix='/usr/local'
program_transform_name='s,x,x,'
psdir='${docdir}'
runstatedir='${localstatedir}/run'
sbindir='${exec_prefix}/sbin'
sharedstatedir='${prefix}/com'
sysconfdir='${prefix}/etc'
target_alias=''

## ----------- ##
## confdefs.h. ##
## ----------- ##

/* confdefs.h */
#define PACKAGE_NAME "libmodbus"
#define PACKAGE_TARNAME "libmodbus"
#define PACKAGE_VERSION "2.9.3"
#define PACKAGE_STRING "libmodbus 2.9.3"
#define PACKAGE_BUGREPORT "stephane.raimbault@gmail.com"
#define PACKAGE_URL ""
#define PACKAGE "libmodbus"
#define VERSION "2.9.3"
#define STDC_HEADERS 1
#define HAVE_SYS_TYPES_H 1
#define HAVE_SYS_STAT_H 1
#define HAVE_STDLIB_H 1
#define HAVE_STRING_H 1
#define HAVE_MEMORY_H 1
#define HAVE_STRINGS_H 1
#define HAVE_INTTYPES_H 1
#define HAVE_STDINT_H 1
#define HAVE_UNISTD_H 1
#define HAVE_DLFCN_H 1
#define LT_OBJDIR ".libs/"
#define HAVE_TERMIOS_H 1
#define HAVE_SYS_TIME_H 1
#define HAVE_UNISTD_H 1
#define HAVE_ERRNO_H 1
#define HAVE_LIMITS_H 1
#define HAVE_FCNTL_H 1
#define HAVE_SYS_TYPES_H 1
#define HAVE_SYS_SOCKET_H 1
#define HAVE_SYS_IOCTL_H 1
#define HAVE_NETINET_IN_H 1
#define HAVE_NETINET_TCP_H 1
#define HAVE_ARPA_INET_H 1
#define STDC_HEADERS 1
#define TIME_WITH_SYS_TIME 1
#define HAVE_DECL___CYGWIN__ 0
#define HAVE_FORK 1
#define HAVE_VFORK 1
#define HAVE_WORKING_VFORK 1
#define HAVE_WORKING_FORK 1
#define HAVE_GETTIMEOFDAY 1
#define HAVE_INET_NTOA 1
#define HAVE_MEMSET 1
#define HAVE_SELECT 1
#define HAVE_SOCKET 1
#define HAVE_STRERROR 1

configure: exit 0
